info it worked if it ends with ok
verbose cli [ 'node', '/usr/bin/npm', 'install', '-g', 'cordova', 'ionic' ]
info using npm@1.1.4
info using node@v0.6.12
verbose config file /home/a.arbelaez/.npmrc
verbose config file /usr/etc/npmrc
verbose config file /usr/share/npm/npmrc
silly exec /usr/bin/node "/usr/share/npm/bin/npm-get-uid-gid.js" "nobody" 146897661
silly spawning [ '/usr/bin/node',
silly spawning   [ '/usr/share/npm/bin/npm-get-uid-gid.js', 'nobody', 146897661 ],
silly spawning   null ]
silly output from getuid/gid {"uid":65534,"gid":146897661}
silly output from getuid/gid 
verbose cache add [ 'cordova', null ]
silly cache add: name, spec, args [ undefined, 'cordova', [ 'cordova', null ] ]
verbose parsed url { pathname: 'cordova', path: 'cordova', href: 'cordova' }
verbose cache add [ 'ionic', null ]
silly cache add: name, spec, args [ undefined, 'ionic', [ 'ionic', null ] ]
verbose parsed url { pathname: 'ionic', path: 'ionic', href: 'ionic' }
verbose addNamed [ 'cordova', '' ]
verbose addNamed [ null, '' ]
silly name, range, hasData [ 'cordova', '', false ]
verbose addNamed [ 'ionic', '' ]
verbose addNamed [ null, '' ]
silly name, range, hasData [ 'ionic', '', false ]
verbose raw, before any munging cordova
verbose url resolving [ 'https://registry.npmjs.org/', './cordova' ]
verbose url resolved https://registry.npmjs.org/cordova
http GET https://registry.npmjs.org/cordova
verbose raw, before any munging ionic
verbose url resolving [ 'https://registry.npmjs.org/', './ionic' ]
verbose url resolved https://registry.npmjs.org/ionic
http GET https://registry.npmjs.org/ionic
ERR! Error: failed to fetch from registry: ionic
ERR!     at /usr/share/npm/lib/utils/npm-registry-client/get.js:139:12
ERR!     at cb (/usr/share/npm/lib/utils/npm-registry-client/request.js:31:9)
ERR!     at Request._callback (/usr/share/npm/lib/utils/npm-registry-client/request.js:136:18)
ERR!     at Request.callback (/usr/lib/nodejs/request/main.js:119:22)
ERR!     at Request.<anonymous> (/usr/lib/nodejs/request/main.js:212:58)
ERR!     at Request.emit (events.js:88:20)
ERR!     at ClientRequest.<anonymous> (/usr/lib/nodejs/request/main.js:412:12)
ERR!     at ClientRequest.emit (events.js:67:17)
ERR!     at HTTPParser.onIncoming (http.js:1261:11)
ERR!     at HTTPParser.onHeadersComplete (http.js:102:31)
ERR! You may report this log at:
ERR!     <http://bugs.debian.org/npm>
ERR! or use
ERR!     reportbug --attach /home/a.arbelaez/Documents/unlab/npm-debug.log npm
ERR! 
ERR! System Linux 3.13.0-32-generic
ERR! command "node" "/usr/bin/npm" "install" "-g" "cordova" "ionic"
ERR! cwd /home/a.arbelaez/Documents/unlab
ERR! node -v v0.6.12
ERR! npm -v 1.1.4
ERR! message failed to fetch from registry: ionic
verbose exit [ 1, true ]
